<?xml version="1.0" encoding="UTF-8"?>
<!-- Generated by org.testng.reporters.JUnitXMLReporter -->
<testsuite hostname="LAPTOP-0BBKQ66I" name="Test" tests="10" failures="1" timestamp="15 Mar 2020 10:53:28 GMT" time="43.038" errors="0">
  <testcase name="all_Tickets" time="9.943" classname="com.DBApiTest.Testcases.Ticketing_Module"/>
  <testcase name="categories" time="1.543" classname="com.DBApiTest.Testcases.Ticketing_Module"/>
  <testcase name="concernedteams" time="1.571" classname="com.DBApiTest.Testcases.Ticketing_Module"/>
  <testcase name="createTicket" time="1.648" classname="com.DBApiTest.Testcases.Ticketing_Module">
    <failure type="java.lang.AssertionError" message="expected [null] but found [APPROVED]">
      <![CDATA[java.lang.AssertionError: expected [null] but found [APPROVED]
	at com.DBApiTest.Testcases.Ticketing_Module.createTicket(Ticketing_Module.java:179)
... Removed 31 stack frames]]>
    </failure>
  </testcase> <!-- createTicket -->
  <testcase name="directreportees" time="1.747" classname="com.DBApiTest.Testcases.Ticketing_Module"/>
  <testcase name="image" time="1.509" classname="com.DBApiTest.Testcases.Ticketing_Module"/>
  <testcase name="indirectreportees" time="1.47" classname="com.DBApiTest.Testcases.Ticketing_Module"/>
  <testcase name="officecodes" time="1.414" classname="com.DBApiTest.Testcases.Ticketing_Module"/>
  <testcase name="raisedTicketbyUser" time="1.455" classname="com.DBApiTest.Testcases.Ticketing_Module"/>
  <testcase name="singleticktet" time="1.45" classname="com.DBApiTest.Testcases.Ticketing_Module"/>
</testsuite> <!-- Test -->
