<?xml version="1.0" encoding="UTF-8"?>
<!-- Generated by org.testng.reporters.JUnitXMLReporter -->
<testsuite hostname="LAPTOP-0BBKQ66I" ignored="0" name="Test" tests="10" failures="1" timestamp="2020-03-15T17:19:16 IST" time="43.595" errors="0">
  <testcase name="all_Tickets" time="10.64" classname="com.DBApiTest.Testcases.Ticketing_Module"/>
  <testcase name="categories" time="1.574" classname="com.DBApiTest.Testcases.Ticketing_Module"/>
  <testcase name="concernedteams" time="1.539" classname="com.DBApiTest.Testcases.Ticketing_Module"/>
  <testcase name="createTicket" time="1.714" classname="com.DBApiTest.Testcases.Ticketing_Module">
    <failure type="java.lang.AssertionError" message="expected [null] but found [APPROVED]">
      <![CDATA[java.lang.AssertionError: expected [null] but found [APPROVED]
at com.DBApiTest.Testcases.Ticketing_Module.createTicket(Ticketing_Module.java:179)
at java.util.ArrayList.forEach(ArrayList.java:1257)
... Removed 37 stack frames]]>
    </failure>
  </testcase> <!-- createTicket -->
  <testcase name="directreportees" time="1.528" classname="com.DBApiTest.Testcases.Ticketing_Module"/>
  <testcase name="image" time="1.567" classname="com.DBApiTest.Testcases.Ticketing_Module"/>
  <testcase name="indirectreportees" time="1.494" classname="com.DBApiTest.Testcases.Ticketing_Module"/>
  <testcase name="officecodes" time="1.457" classname="com.DBApiTest.Testcases.Ticketing_Module"/>
  <testcase name="raisedTicketbyUser" time="1.556" classname="com.DBApiTest.Testcases.Ticketing_Module"/>
  <testcase name="singleticktet" time="1.491" classname="com.DBApiTest.Testcases.Ticketing_Module"/>
</testsuite> <!-- Test -->
