<?xml version="1.0" encoding="UTF-8"?>
<testng-results skipped="0" failed="1" ignored="0" total="10" passed="9">
  <reporter-output>
  </reporter-output>
  <suite name="Suite" duration-ms="43595" started-at="2020-03-15T17:18:32 IST" finished-at="2020-03-15T17:19:16 IST">
    <groups>
    </groups>
    <test name="Test" duration-ms="43595" started-at="2020-03-15T17:18:32 IST" finished-at="2020-03-15T17:19:16 IST">
      <class name="com.DBApiTest.Testcases.Ticketing_Module">
        <test-method status="PASS" signature="gettoken()[pri:0, instance:com.DBApiTest.Testcases.Ticketing_Module@25bbe1b6]" name="gettoken" is-config="true" duration-ms="5125" started-at="2020-03-15T17:18:32 IST" finished-at="2020-03-15T17:18:37 IST">
          <reporter-output>
          </reporter-output>
        </test-method> <!-- gettoken -->
        <test-method status="PASS" signature="all_Tickets()[pri:0, instance:com.DBApiTest.Testcases.Ticketing_Module@25bbe1b6]" name="all_Tickets" duration-ms="10640" started-at="2020-03-15T17:18:37 IST" finished-at="2020-03-15T17:18:48 IST">
          <reporter-output>
          </reporter-output>
        </test-method> <!-- all_Tickets -->
        <test-method status="PASS" signature="gettoken()[pri:0, instance:com.DBApiTest.Testcases.Ticketing_Module@25bbe1b6]" name="gettoken" is-config="true" duration-ms="1479" started-at="2020-03-15T17:18:48 IST" finished-at="2020-03-15T17:18:50 IST">
          <reporter-output>
          </reporter-output>
        </test-method> <!-- gettoken -->
        <test-method status="PASS" signature="categories()[pri:0, instance:com.DBApiTest.Testcases.Ticketing_Module@25bbe1b6]" name="categories" duration-ms="1574" started-at="2020-03-15T17:18:50 IST" finished-at="2020-03-15T17:18:51 IST">
          <reporter-output>
          </reporter-output>
        </test-method> <!-- categories -->
        <test-method status="PASS" signature="gettoken()[pri:0, instance:com.DBApiTest.Testcases.Ticketing_Module@25bbe1b6]" name="gettoken" is-config="true" duration-ms="1552" started-at="2020-03-15T17:18:51 IST" finished-at="2020-03-15T17:18:53 IST">
          <reporter-output>
          </reporter-output>
        </test-method> <!-- gettoken -->
        <test-method status="PASS" signature="concernedteams()[pri:0, instance:com.DBApiTest.Testcases.Ticketing_Module@25bbe1b6]" name="concernedteams" duration-ms="1539" started-at="2020-03-15T17:18:53 IST" finished-at="2020-03-15T17:18:54 IST">
          <reporter-output>
          </reporter-output>
        </test-method> <!-- concernedteams -->
        <test-method status="PASS" signature="gettoken()[pri:0, instance:com.DBApiTest.Testcases.Ticketing_Module@25bbe1b6]" name="gettoken" is-config="true" duration-ms="1496" started-at="2020-03-15T17:18:54 IST" finished-at="2020-03-15T17:18:56 IST">
          <reporter-output>
          </reporter-output>
        </test-method> <!-- gettoken -->
        <test-method status="FAIL" signature="createTicket()[pri:0, instance:com.DBApiTest.Testcases.Ticketing_Module@25bbe1b6]" name="createTicket" duration-ms="1714" started-at="2020-03-15T17:18:56 IST" finished-at="2020-03-15T17:18:57 IST">
          <exception class="java.lang.AssertionError">
            <message>
              <![CDATA[expected [null] but found [APPROVED]]]>
            </message>
            <full-stacktrace>
              <![CDATA[java.lang.AssertionError: expected [null] but found [APPROVED]
at org.testng.Assert.fail(Assert.java:97)
at org.testng.Assert.failNotEquals(Assert.java:969)
at org.testng.Assert.assertEqualsImpl(Assert.java:131)
at org.testng.Assert.assertEquals(Assert.java:118)
at org.testng.Assert.assertEquals(Assert.java:575)
at org.testng.Assert.assertEquals(Assert.java:585)
at com.DBApiTest.Testcases.Ticketing_Module.createTicket(Ticketing_Module.java:179)
at sun.reflect.NativeMethodAccessorImpl.invoke0(Native Method)
at sun.reflect.NativeMethodAccessorImpl.invoke(NativeMethodAccessorImpl.java:62)
at sun.reflect.DelegatingMethodAccessorImpl.invoke(DelegatingMethodAccessorImpl.java:43)
at java.lang.reflect.Method.invoke(Method.java:498)
at org.testng.internal.MethodInvocationHelper.invokeMethod(MethodInvocationHelper.java:134)
at org.testng.internal.TestInvoker.invokeMethod(TestInvoker.java:597)
at org.testng.internal.TestInvoker.invokeTestMethod(TestInvoker.java:173)
at org.testng.internal.MethodRunner.runInSequence(MethodRunner.java:46)
at org.testng.internal.TestInvoker$MethodInvocationAgent.invoke(TestInvoker.java:816)
at org.testng.internal.TestInvoker.invokeTestMethods(TestInvoker.java:146)
at org.testng.internal.TestMethodWorker.invokeTestMethods(TestMethodWorker.java:146)
at org.testng.internal.TestMethodWorker.run(TestMethodWorker.java:128)
at java.util.ArrayList.forEach(ArrayList.java:1257)
at org.testng.TestRunner.privateRun(TestRunner.java:766)
at org.testng.TestRunner.run(TestRunner.java:587)
at org.testng.SuiteRunner.runTest(SuiteRunner.java:384)
at org.testng.SuiteRunner.runSequentially(SuiteRunner.java:378)
at org.testng.SuiteRunner.privateRun(SuiteRunner.java:337)
at org.testng.SuiteRunner.run(SuiteRunner.java:286)
at org.testng.SuiteRunnerWorker.runSuite(SuiteRunnerWorker.java:53)
at org.testng.SuiteRunnerWorker.run(SuiteRunnerWorker.java:96)
at org.testng.TestNG.runSuitesSequentially(TestNG.java:1187)
at org.testng.TestNG.runSuitesLocally(TestNG.java:1109)
at org.testng.TestNG.runSuites(TestNG.java:1039)
at org.testng.TestNG.run(TestNG.java:1007)
at org.apache.maven.surefire.testng.TestNGExecutor.run(TestNGExecutor.java:283)
at org.apache.maven.surefire.testng.TestNGXmlTestSuite.execute(TestNGXmlTestSuite.java:75)
at org.apache.maven.surefire.testng.TestNGProvider.invoke(TestNGProvider.java:120)
at org.apache.maven.surefire.booter.ForkedBooter.runSuitesInProcess(ForkedBooter.java:377)
at org.apache.maven.surefire.booter.ForkedBooter.execute(ForkedBooter.java:138)
at org.apache.maven.surefire.booter.ForkedBooter.run(ForkedBooter.java:465)
at org.apache.maven.surefire.booter.ForkedBooter.main(ForkedBooter.java:451)
]]>
            </full-stacktrace>
          </exception> <!-- java.lang.AssertionError -->
          <reporter-output>
          </reporter-output>
        </test-method> <!-- createTicket -->
        <test-method status="PASS" signature="gettoken()[pri:0, instance:com.DBApiTest.Testcases.Ticketing_Module@25bbe1b6]" name="gettoken" is-config="true" duration-ms="1600" started-at="2020-03-15T17:18:57 IST" finished-at="2020-03-15T17:18:59 IST">
          <reporter-output>
          </reporter-output>
        </test-method> <!-- gettoken -->
        <test-method status="PASS" signature="directreportees()[pri:0, instance:com.DBApiTest.Testcases.Ticketing_Module@25bbe1b6]" name="directreportees" duration-ms="1528" started-at="2020-03-15T17:18:59 IST" finished-at="2020-03-15T17:19:01 IST">
          <reporter-output>
          </reporter-output>
        </test-method> <!-- directreportees -->
        <test-method status="PASS" signature="gettoken()[pri:0, instance:com.DBApiTest.Testcases.Ticketing_Module@25bbe1b6]" name="gettoken" is-config="true" duration-ms="1667" started-at="2020-03-15T17:19:01 IST" finished-at="2020-03-15T17:19:02 IST">
          <reporter-output>
          </reporter-output>
        </test-method> <!-- gettoken -->
        <test-method status="PASS" signature="image()[pri:0, instance:com.DBApiTest.Testcases.Ticketing_Module@25bbe1b6]" name="image" duration-ms="1567" started-at="2020-03-15T17:19:02 IST" finished-at="2020-03-15T17:19:04 IST">
          <reporter-output>
          </reporter-output>
        </test-method> <!-- image -->
        <test-method status="PASS" signature="gettoken()[pri:0, instance:com.DBApiTest.Testcases.Ticketing_Module@25bbe1b6]" name="gettoken" is-config="true" duration-ms="1516" started-at="2020-03-15T17:19:04 IST" finished-at="2020-03-15T17:19:05 IST">
          <reporter-output>
          </reporter-output>
        </test-method> <!-- gettoken -->
        <test-method status="PASS" signature="indirectreportees()[pri:0, instance:com.DBApiTest.Testcases.Ticketing_Module@25bbe1b6]" name="indirectreportees" duration-ms="1494" started-at="2020-03-15T17:19:05 IST" finished-at="2020-03-15T17:19:07 IST">
          <reporter-output>
          </reporter-output>
        </test-method> <!-- indirectreportees -->
        <test-method status="PASS" signature="gettoken()[pri:0, instance:com.DBApiTest.Testcases.Ticketing_Module@25bbe1b6]" name="gettoken" is-config="true" duration-ms="1474" started-at="2020-03-15T17:19:07 IST" finished-at="2020-03-15T17:19:08 IST">
          <reporter-output>
          </reporter-output>
        </test-method> <!-- gettoken -->
        <test-method status="PASS" signature="officecodes()[pri:0, instance:com.DBApiTest.Testcases.Ticketing_Module@25bbe1b6]" name="officecodes" duration-ms="1457" started-at="2020-03-15T17:19:08 IST" finished-at="2020-03-15T17:19:10 IST">
          <reporter-output>
          </reporter-output>
        </test-method> <!-- officecodes -->
        <test-method status="PASS" signature="gettoken()[pri:0, instance:com.DBApiTest.Testcases.Ticketing_Module@25bbe1b6]" name="gettoken" is-config="true" duration-ms="1538" started-at="2020-03-15T17:19:10 IST" finished-at="2020-03-15T17:19:11 IST">
          <reporter-output>
          </reporter-output>
        </test-method> <!-- gettoken -->
        <test-method status="PASS" signature="raisedTicketbyUser()[pri:0, instance:com.DBApiTest.Testcases.Ticketing_Module@25bbe1b6]" name="raisedTicketbyUser" duration-ms="1556" started-at="2020-03-15T17:19:11 IST" finished-at="2020-03-15T17:19:13 IST">
          <reporter-output>
          </reporter-output>
        </test-method> <!-- raisedTicketbyUser -->
        <test-method status="PASS" signature="gettoken()[pri:0, instance:com.DBApiTest.Testcases.Ticketing_Module@25bbe1b6]" name="gettoken" is-config="true" duration-ms="1472" started-at="2020-03-15T17:19:13 IST" finished-at="2020-03-15T17:19:14 IST">
          <reporter-output>
          </reporter-output>
        </test-method> <!-- gettoken -->
        <test-method status="PASS" signature="singleticktet()[pri:0, instance:com.DBApiTest.Testcases.Ticketing_Module@25bbe1b6]" name="singleticktet" duration-ms="1491" started-at="2020-03-15T17:19:14 IST" finished-at="2020-03-15T17:19:16 IST">
          <reporter-output>
          </reporter-output>
        </test-method> <!-- singleticktet -->
      </class> <!-- com.DBApiTest.Testcases.Ticketing_Module -->
    </test> <!-- Test -->
  </suite> <!-- Suite -->
</testng-results>
