<?xml version="1.0" encoding="UTF-8"?>
<testsuite xmlns:xsi="http://www.w3.org/2001/XMLSchema-instance" xsi:noNamespaceSchemaLocation="https://maven.apache.org/surefire/maven-surefire-plugin/xsd/surefire-test-report-3.0.xsd" version="3.0" name="TestSuite" time="44.667" tests="10" errors="0" skipped="0" failures="1">
  <properties>
[...]
</properties>
  <testcase name="all_Tickets" classname="com.DBApiTest.Testcases.Ticketing_Module" time="10.644"/>
  <testcase name="categories" classname="com.DBApiTest.Testcases.Ticketing_Module" time="1.574"/>
  <testcase name="concernedteams" classname="com.DBApiTest.Testcases.Ticketing_Module" time="1.539"/>
  <testcase name="createTicket" classname="com.DBApiTest.Testcases.Ticketing_Module" time="1.734">
    <failure message="expected [null] but found [APPROVED]" type="java.lang.AssertionError"><![CDATA[java.lang.AssertionError: expected [null] but found [APPROVED]
	at com.DBApiTest.Testcases.Ticketing_Module.createTicket(Ticketing_Module.java:179)
]]></failure>
    <system-out><![CDATA[5423
null
]]></system-out>
  </testcase>
  <testcase name="directreportees" classname="com.DBApiTest.Testcases.Ticketing_Module" time="1.534"/>
  <testcase name="image" classname="com.DBApiTest.Testcases.Ticketing_Module" time="1.567"/>
  <testcase name="indirectreportees" classname="com.DBApiTest.Testcases.Ticketing_Module" time="1.494"/>
  <testcase name="officecodes" classname="com.DBApiTest.Testcases.Ticketing_Module" time="1.456"/>
  <testcase name="raisedTicketbyUser" classname="com.DBApiTest.Testcases.Ticketing_Module" time="1.556"/>
  <testcase name="singleticktet" classname="com.DBApiTest.Testcases.Ticketing_Module" time="1.491"/>
</testsuite>