<?xml version="1.0" encoding="UTF-8"?>
<testng-results skipped="0" failed="1" total="10" passed="9">
  <reporter-output>
  </reporter-output>
  <suite name="Default suite" duration-ms="43621" started-at="2020-03-15T11:21:28Z" finished-at="2020-03-15T11:22:12Z">
    <groups>
    </groups>
    <test name="Default test" duration-ms="43621" started-at="2020-03-15T11:21:28Z" finished-at="2020-03-15T11:22:12Z">
      <class name="com.DBApiTest.Testcases.Ticketing_Module">
        <test-method status="PASS" signature="gettoken()[pri:0, instance:com.DBApiTest.Testcases.Ticketing_Module@4c70fda8]" name="gettoken" is-config="true" duration-ms="5236" started-at="2020-03-15T16:51:28Z" finished-at="2020-03-15T16:51:33Z">
          <reporter-output>
          </reporter-output>
        </test-method> <!-- gettoken -->
        <test-method status="PASS" signature="all_Tickets()[pri:0, instance:com.DBApiTest.Testcases.Ticketing_Module@4c70fda8]" name="all_Tickets" duration-ms="10618" started-at="2020-03-15T16:51:33Z" finished-at="2020-03-15T16:51:44Z">
          <reporter-output>
          </reporter-output>
        </test-method> <!-- all_Tickets -->
        <test-method status="PASS" signature="gettoken()[pri:0, instance:com.DBApiTest.Testcases.Ticketing_Module@4c70fda8]" name="gettoken" is-config="true" duration-ms="1499" started-at="2020-03-15T16:51:44Z" finished-at="2020-03-15T16:51:45Z">
          <reporter-output>
          </reporter-output>
        </test-method> <!-- gettoken -->
        <test-method status="PASS" signature="categories()[pri:0, instance:com.DBApiTest.Testcases.Ticketing_Module@4c70fda8]" name="categories" duration-ms="1431" started-at="2020-03-15T16:51:45Z" finished-at="2020-03-15T16:51:47Z">
          <reporter-output>
          </reporter-output>
        </test-method> <!-- categories -->
        <test-method status="PASS" signature="gettoken()[pri:0, instance:com.DBApiTest.Testcases.Ticketing_Module@4c70fda8]" name="gettoken" is-config="true" duration-ms="1542" started-at="2020-03-15T16:51:47Z" finished-at="2020-03-15T16:51:48Z">
          <reporter-output>
          </reporter-output>
        </test-method> <!-- gettoken -->
        <test-method status="PASS" signature="concernedteams()[pri:0, instance:com.DBApiTest.Testcases.Ticketing_Module@4c70fda8]" name="concernedteams" duration-ms="1503" started-at="2020-03-15T16:51:48Z" finished-at="2020-03-15T16:51:50Z">
          <reporter-output>
          </reporter-output>
        </test-method> <!-- concernedteams -->
        <test-method status="PASS" signature="gettoken()[pri:0, instance:com.DBApiTest.Testcases.Ticketing_Module@4c70fda8]" name="gettoken" is-config="true" duration-ms="1546" started-at="2020-03-15T16:51:50Z" finished-at="2020-03-15T16:51:52Z">
          <reporter-output>
          </reporter-output>
        </test-method> <!-- gettoken -->
        <test-method status="FAIL" signature="createTicket()[pri:0, instance:com.DBApiTest.Testcases.Ticketing_Module@4c70fda8]" name="createTicket" duration-ms="1767" started-at="2020-03-15T16:51:52Z" finished-at="2020-03-15T16:51:53Z">
          <exception class="java.lang.AssertionError">
            <message>
              <![CDATA[expected [null] but found [APPROVED]]]>
            </message>
            <full-stacktrace>
              <![CDATA[java.lang.AssertionError: expected [null] but found [APPROVED]
	at org.testng.Assert.fail(Assert.java:94)
	at org.testng.Assert.failNotEquals(Assert.java:513)
	at org.testng.Assert.assertEqualsImpl(Assert.java:130)
	at org.testng.Assert.assertEquals(Assert.java:116)
	at org.testng.Assert.assertEquals(Assert.java:190)
	at org.testng.Assert.assertEquals(Assert.java:200)
	at com.DBApiTest.Testcases.Ticketing_Module.createTicket(Ticketing_Module.java:179)
	at sun.reflect.NativeMethodAccessorImpl.invoke0(Native Method)
	at sun.reflect.NativeMethodAccessorImpl.invoke(NativeMethodAccessorImpl.java:62)
	at sun.reflect.DelegatingMethodAccessorImpl.invoke(DelegatingMethodAccessorImpl.java:43)
	at java.lang.reflect.Method.invoke(Method.java:498)
	at org.testng.internal.MethodInvocationHelper.invokeMethod(MethodInvocationHelper.java:100)
	at org.testng.internal.Invoker.invokeMethod(Invoker.java:646)
	at org.testng.internal.Invoker.invokeTestMethod(Invoker.java:811)
	at org.testng.internal.Invoker.invokeTestMethods(Invoker.java:1137)
	at org.testng.internal.TestMethodWorker.invokeTestMethods(TestMethodWorker.java:129)
	at org.testng.internal.TestMethodWorker.run(TestMethodWorker.java:112)
	at org.testng.TestRunner.privateRun(TestRunner.java:753)
	at org.testng.TestRunner.run(TestRunner.java:607)
	at org.testng.SuiteRunner.runTest(SuiteRunner.java:368)
	at org.testng.SuiteRunner.runSequentially(SuiteRunner.java:363)
	at org.testng.SuiteRunner.privateRun(SuiteRunner.java:321)
	at org.testng.SuiteRunner.run(SuiteRunner.java:270)
	at org.testng.SuiteRunnerWorker.runSuite(SuiteRunnerWorker.java:52)
	at org.testng.SuiteRunnerWorker.run(SuiteRunnerWorker.java:86)
	at org.testng.TestNG.runSuitesSequentially(TestNG.java:1284)
	at org.testng.TestNG.runSuitesLocally(TestNG.java:1209)
	at org.testng.TestNG.runSuites(TestNG.java:1124)
	at org.testng.TestNG.run(TestNG.java:1096)
	at org.testng.remote.AbstractRemoteTestNG.run(AbstractRemoteTestNG.java:132)
	at org.testng.remote.RemoteTestNG.initAndRun(RemoteTestNG.java:236)
	at org.testng.remote.RemoteTestNG.main(RemoteTestNG.java:81)
]]>
            </full-stacktrace>
          </exception> <!-- java.lang.AssertionError -->
          <reporter-output>
          </reporter-output>
        </test-method> <!-- createTicket -->
        <test-method status="PASS" signature="gettoken()[pri:0, instance:com.DBApiTest.Testcases.Ticketing_Module@4c70fda8]" name="gettoken" is-config="true" duration-ms="1577" started-at="2020-03-15T16:51:53Z" finished-at="2020-03-15T16:51:55Z">
          <reporter-output>
          </reporter-output>
        </test-method> <!-- gettoken -->
        <test-method status="PASS" signature="directreportees()[pri:0, instance:com.DBApiTest.Testcases.Ticketing_Module@4c70fda8]" name="directreportees" duration-ms="1528" started-at="2020-03-15T16:51:55Z" finished-at="2020-03-15T16:51:56Z">
          <reporter-output>
          </reporter-output>
        </test-method> <!-- directreportees -->
        <test-method status="PASS" signature="gettoken()[pri:0, instance:com.DBApiTest.Testcases.Ticketing_Module@4c70fda8]" name="gettoken" is-config="true" duration-ms="1682" started-at="2020-03-15T16:51:56Z" finished-at="2020-03-15T16:51:58Z">
          <reporter-output>
          </reporter-output>
        </test-method> <!-- gettoken -->
        <test-method status="PASS" signature="image()[pri:0, instance:com.DBApiTest.Testcases.Ticketing_Module@4c70fda8]" name="image" duration-ms="1509" started-at="2020-03-15T16:51:58Z" finished-at="2020-03-15T16:52:00Z">
          <reporter-output>
          </reporter-output>
        </test-method> <!-- image -->
        <test-method status="PASS" signature="gettoken()[pri:0, instance:com.DBApiTest.Testcases.Ticketing_Module@4c70fda8]" name="gettoken" is-config="true" duration-ms="1517" started-at="2020-03-15T16:52:00Z" finished-at="2020-03-15T16:52:01Z">
          <reporter-output>
          </reporter-output>
        </test-method> <!-- gettoken -->
        <test-method status="PASS" signature="indirectreportees()[pri:0, instance:com.DBApiTest.Testcases.Ticketing_Module@4c70fda8]" name="indirectreportees" duration-ms="1513" started-at="2020-03-15T16:52:01Z" finished-at="2020-03-15T16:52:03Z">
          <reporter-output>
          </reporter-output>
        </test-method> <!-- indirectreportees -->
        <test-method status="PASS" signature="gettoken()[pri:0, instance:com.DBApiTest.Testcases.Ticketing_Module@4c70fda8]" name="gettoken" is-config="true" duration-ms="1548" started-at="2020-03-15T16:52:03Z" finished-at="2020-03-15T16:52:04Z">
          <reporter-output>
          </reporter-output>
        </test-method> <!-- gettoken -->
        <test-method status="PASS" signature="officecodes()[pri:0, instance:com.DBApiTest.Testcases.Ticketing_Module@4c70fda8]" name="officecodes" duration-ms="1570" started-at="2020-03-15T16:52:04Z" finished-at="2020-03-15T16:52:06Z">
          <reporter-output>
          </reporter-output>
        </test-method> <!-- officecodes -->
        <test-method status="PASS" signature="gettoken()[pri:0, instance:com.DBApiTest.Testcases.Ticketing_Module@4c70fda8]" name="gettoken" is-config="true" duration-ms="1494" started-at="2020-03-15T16:52:06Z" finished-at="2020-03-15T16:52:07Z">
          <reporter-output>
          </reporter-output>
        </test-method> <!-- gettoken -->
        <test-method status="PASS" signature="raisedTicketbyUser()[pri:0, instance:com.DBApiTest.Testcases.Ticketing_Module@4c70fda8]" name="raisedTicketbyUser" duration-ms="1444" started-at="2020-03-15T16:52:07Z" finished-at="2020-03-15T16:52:09Z">
          <reporter-output>
          </reporter-output>
        </test-method> <!-- raisedTicketbyUser -->
        <test-method status="PASS" signature="gettoken()[pri:0, instance:com.DBApiTest.Testcases.Ticketing_Module@4c70fda8]" name="gettoken" is-config="true" duration-ms="1566" started-at="2020-03-15T16:52:09Z" finished-at="2020-03-15T16:52:10Z">
          <reporter-output>
          </reporter-output>
        </test-method> <!-- gettoken -->
        <test-method status="PASS" signature="singleticktet()[pri:0, instance:com.DBApiTest.Testcases.Ticketing_Module@4c70fda8]" name="singleticktet" duration-ms="1454" started-at="2020-03-15T16:52:10Z" finished-at="2020-03-15T16:52:12Z">
          <reporter-output>
          </reporter-output>
        </test-method> <!-- singleticktet -->
      </class> <!-- com.DBApiTest.Testcases.Ticketing_Module -->
    </test> <!-- Default test -->
  </suite> <!-- Default suite -->
</testng-results>
